Output of:
cc -L/lib/ -L./ -L../../gplutil/src/ -lgplutil -o busybox_unstripped -Wl,--sort-common -Wl,--sort-section -Wl,alignment -Wl,--gc-sections -Wl,--start-group applets/built-in.o archival/lib.a archival/libunarchive/lib.a console-tools/lib.a coreutils/lib.a coreutils/libcoreutils/lib.a debianutils/lib.a e2fsprogs/lib.a editors/lib.a findutils/lib.a init/lib.a ipsvd/lib.a libbb/lib.a libpwdgrp/lib.a loginutils/lib.a miscutils/lib.a modutils/lib.a networking/lib.a networking/libiproute/lib.a networking/udhcp/lib.a procps/lib.a runit/lib.a selinux/lib.a shell/lib.a sysklogd/lib.a util-linux/lib.a atpconfig/lib.a archival/built-in.o archival/libunarchive/built-in.o console-tools/built-in.o coreutils/built-in.o coreutils/libcoreutils/built-in.o debianutils/built-in.o e2fsprogs/built-in.o editors/built-in.o findutils/built-in.o init/built-in.o ipsvd/built-in.o libbb/built-in.o libpwdgrp/built-in.o loginutils/built-in.o miscutils/built-in.o modutils/built-in.o networking/built-in.o networking/libiproute/built-in.o networking/udhcp/built-in.o procps/built-in.o runit/built-in.o selinux/built-in.o shell/built-in.o sysklogd/built-in.o util-linux/built-in.o atpconfig/built-in.o -Wl,--end-group -Wl,--start-group -lssl -Wl,--end-group -Wl,--warn-common -Wl,-Map -Wl,busybox_unstripped.map -Wl,--verbose
==========
GNU ld (GNU Binutils for Ubuntu) 2.22
  Supported emulations:
   elf_x86_64
   elf32_x86_64
   elf_i386
   i386linux
   elf_l1om
   elf_k1om
using internal linker script:
==================================================
/* Script for -z combreloc: combine and sort reloc sections */
OUTPUT_FORMAT("elf64-x86-64", "elf64-x86-64",
	      "elf64-x86-64")
OUTPUT_ARCH(i386:x86-64)
ENTRY(_start)
SEARCH_DIR("/usr/x86_64-linux-gnu/lib64"); SEARCH_DIR("=/usr/local/lib/x86_64-linux-gnu"); SEARCH_DIR("=/usr/local/lib64"); SEARCH_DIR("=/lib/x86_64-linux-gnu"); SEARCH_DIR("=/lib64"); SEARCH_DIR("=/usr/lib/x86_64-linux-gnu"); SEARCH_DIR("=/usr/lib64"); SEARCH_DIR("=/usr/local/lib"); SEARCH_DIR("=/lib"); SEARCH_DIR("=/usr/lib");
SECTIONS
{
  /* Read-only sections, merged into text segment: */
  PROVIDE (__executable_start = SEGMENT_START("text-segment", 0x400000)); . = SEGMENT_START("text-segment", 0x400000) + SIZEOF_HEADERS;
  .interp         : { *(.interp) }
  .note.gnu.build-id : { *(.note.gnu.build-id) }
  .hash           : { *(.hash) }
  .gnu.hash       : { *(.gnu.hash) }
  .dynsym         : { *(.dynsym) }
  .dynstr         : { *(.dynstr) }
  .gnu.version    : { *(.gnu.version) }
  .gnu.version_d  : { *(.gnu.version_d) }
  .gnu.version_r  : { *(.gnu.version_r) }
  .rela.dyn       :
    {
      *(.rela.init)
      *(.rela.text .rela.text.* .rela.gnu.linkonce.t.*)
      *(.rela.fini)
      *(.rela.rodata .rela.rodata.* .rela.gnu.linkonce.r.*)
      *(.rela.data .rela.data.* .rela.gnu.linkonce.d.*)
      *(.rela.tdata .rela.tdata.* .rela.gnu.linkonce.td.*)
      *(.rela.tbss .rela.tbss.* .rela.gnu.linkonce.tb.*)
      *(.rela.ctors)
      *(.rela.dtors)
      *(.rela.got)
      *(.rela.bss .rela.bss.* .rela.gnu.linkonce.b.*)
      *(.rela.ldata .rela.ldata.* .rela.gnu.linkonce.l.*)
      *(.rela.lbss .rela.lbss.* .rela.gnu.linkonce.lb.*)
      *(.rela.lrodata .rela.lrodata.* .rela.gnu.linkonce.lr.*)
      *(.rela.ifunc)
    }
  .rela.plt       :
    {
      *(.rela.plt)
      PROVIDE_HIDDEN (__rela_iplt_start = .);
      *(.rela.iplt)
      PROVIDE_HIDDEN (__rela_iplt_end = .);
    }
  .init           :
  {
    KEEP (*(.init))
  } =0x90909090
  .plt            : { *(.plt) *(.iplt) }
  .text           :
  {
    *(.text.unlikely .text.*_unlikely)
    *(.text.exit .text.exit.*)
    *(.text.startup .text.startup.*)
    *(.text.hot .text.hot.*)
    *(.text .stub .text.* .gnu.linkonce.t.*)
    /* .gnu.warning sections are handled specially by elf32.em.  */
    *(.gnu.warning)
  } =0x90909090
  .fini           :
  {
    KEEP (*(.fini))
  } =0x90909090
  PROVIDE (__etext = .);
  PROVIDE (_etext = .);
  PROVIDE (etext = .);
  .rodata         : { *(.rodata .rodata.* .gnu.linkonce.r.*) }
  .rodata1        : { *(.rodata1) }
  .eh_frame_hdr : { *(.eh_frame_hdr) }
  .eh_frame       : ONLY_IF_RO { KEEP (*(.eh_frame)) }
  .gcc_except_table   : ONLY_IF_RO { *(.gcc_except_table
  .gcc_except_table.*) }
  /* These sections are generated by the Sun/Oracle C++ compiler.  */
  .exception_ranges   : ONLY_IF_RO { *(.exception_ranges
  .exception_ranges*) }
  /* Adjust the address for the data segment.  We want to adjust up to
     the same address within the page on the next page up.  */
  . = ALIGN (CONSTANT (MAXPAGESIZE)) - ((CONSTANT (MAXPAGESIZE) - .) & (CONSTANT (MAXPAGESIZE) - 1)); . = DATA_SEGMENT_ALIGN (CONSTANT (MAXPAGESIZE), CONSTANT (COMMONPAGESIZE));
  /* Exception handling  */
  .eh_frame       : ONLY_IF_RW { KEEP (*(.eh_frame)) }
  .gcc_except_table   : ONLY_IF_RW { *(.gcc_except_table .gcc_except_table.*) }
  .exception_ranges   : ONLY_IF_RW { *(.exception_ranges .exception_ranges*) }
  /* Thread Local Storage sections  */
  .tdata	  : { *(.tdata .tdata.* .gnu.linkonce.td.*) }
  .tbss		  : { *(.tbss .tbss.* .gnu.linkonce.tb.*) *(.tcommon) }
  .preinit_array     :
  {
    PROVIDE_HIDDEN (__preinit_array_start = .);
    KEEP (*(.preinit_array))
    PROVIDE_HIDDEN (__preinit_array_end = .);
  }
  .init_array     :
  {
    PROVIDE_HIDDEN (__init_array_start = .);
    KEEP (*(SORT_BY_INIT_PRIORITY(.init_array.*) SORT_BY_INIT_PRIORITY(.ctors.*)))
    KEEP (*(.init_array))
    KEEP (*(EXCLUDE_FILE (*crtbegin.o *crtbegin?.o *crtend.o *crtend?.o ) .ctors))
    PROVIDE_HIDDEN (__init_array_end = .);
  }
  .fini_array     :
  {
    PROVIDE_HIDDEN (__fini_array_start = .);
    KEEP (*(SORT_BY_INIT_PRIORITY(.fini_array.*) SORT_BY_INIT_PRIORITY(.dtors.*)))
    KEEP (*(.fini_array))
    KEEP (*(EXCLUDE_FILE (*crtbegin.o *crtbegin?.o *crtend.o *crtend?.o ) .dtors))
    PROVIDE_HIDDEN (__fini_array_end = .);
  }
  .ctors          :
  {
    /* gcc uses crtbegin.o to find the start of
       the constructors, so we make sure it is
       first.  Because this is a wildcard, it
       doesn't matter if the user does not
       actually link against crtbegin.o; the
       linker won't look for a file to match a
       wildcard.  The wildcard also means that it
       doesn't matter which directory crtbegin.o
       is in.  */
    KEEP (*crtbegin.o(.ctors))
    KEEP (*crtbegin?.o(.ctors))
    /* We don't want to include the .ctor section from
       the crtend.o file until after the sorted ctors.
       The .ctor section from the crtend file contains the
       end of ctors marker and it must be last */
    KEEP (*(EXCLUDE_FILE (*crtend.o *crtend?.o ) .ctors))
    KEEP (*(SORT(.ctors.*)))
    KEEP (*(.ctors))
  }
  .dtors          :
  {
    KEEP (*crtbegin.o(.dtors))
    KEEP (*crtbegin?.o(.dtors))
    KEEP (*(EXCLUDE_FILE (*crtend.o *crtend?.o ) .dtors))
    KEEP (*(SORT(.dtors.*)))
    KEEP (*(.dtors))
  }
  .jcr            : { KEEP (*(.jcr)) }
  .data.rel.ro : { *(.data.rel.ro.local* .gnu.linkonce.d.rel.ro.local.*) *(.data.rel.ro* .gnu.linkonce.d.rel.ro.*) }
  .dynamic        : { *(.dynamic) }
  .got            : { *(.got) *(.igot) }
  . = DATA_SEGMENT_RELRO_END (24, .);
  .got.plt        : { *(.got.plt)  *(.igot.plt) }
  .data           :
  {
    *(.data .data.* .gnu.linkonce.d.*)
    SORT(CONSTRUCTORS)
  }
  .data1          : { *(.data1) }
  _edata = .; PROVIDE (edata = .);
  __bss_start = .;
  .bss            :
  {
   *(.dynbss)
   *(.bss .bss.* .gnu.linkonce.b.*)
   *(COMMON)
   /* Align here to ensure that the .bss section occupies space up to
      _end.  Align after .bss to ensure correct alignment even if the
      .bss section disappears because there are no input sections.
      FIXME: Why do we need it? When there is no .bss section, we don't
      pad the .data section.  */
   . = ALIGN(. != 0 ? 64 / 8 : 1);
  }
  .lbss   :
  {
    *(.dynlbss)
    *(.lbss .lbss.* .gnu.linkonce.lb.*)
    *(LARGE_COMMON)
  }
  . = ALIGN(64 / 8);
  .lrodata   ALIGN(CONSTANT (MAXPAGESIZE)) + (. & (CONSTANT (MAXPAGESIZE) - 1)) :
  {
    *(.lrodata .lrodata.* .gnu.linkonce.lr.*)
  }
  .ldata   ALIGN(CONSTANT (MAXPAGESIZE)) + (. & (CONSTANT (MAXPAGESIZE) - 1)) :
  {
    *(.ldata .ldata.* .gnu.linkonce.l.*)
    . = ALIGN(. != 0 ? 64 / 8 : 1);
  }
  . = ALIGN(64 / 8);
  _end = .; PROVIDE (end = .);
  . = DATA_SEGMENT_END (.);
  /* Stabs debugging sections.  */
  .stab          0 : { *(.stab) }
  .stabstr       0 : { *(.stabstr) }
  .stab.excl     0 : { *(.stab.excl) }
  .stab.exclstr  0 : { *(.stab.exclstr) }
  .stab.index    0 : { *(.stab.index) }
  .stab.indexstr 0 : { *(.stab.indexstr) }
  .comment       0 : { *(.comment) }
  /* DWARF debug sections.
     Symbols in the DWARF debugging sections are relative to the beginning
     of the section so we begin them at 0.  */
  /* DWARF 1 */
  .debug          0 : { *(.debug) }
  .line           0 : { *(.line) }
  /* GNU DWARF 1 extensions */
  .debug_srcinfo  0 : { *(.debug_srcinfo) }
  .debug_sfnames  0 : { *(.debug_sfnames) }
  /* DWARF 1.1 and DWARF 2 */
  .debug_aranges  0 : { *(.debug_aranges) }
  .debug_pubnames 0 : { *(.debug_pubnames) }
  /* DWARF 2 */
  .debug_info     0 : { *(.debug_info .gnu.linkonce.wi.*) }
  .debug_abbrev   0 : { *(.debug_abbrev) }
  .debug_line     0 : { *(.debug_line) }
  .debug_frame    0 : { *(.debug_frame) }
  .debug_str      0 : { *(.debug_str) }
  .debug_loc      0 : { *(.debug_loc) }
  .debug_macinfo  0 : { *(.debug_macinfo) }
  /* SGI/MIPS DWARF 2 extensions */
  .debug_weaknames 0 : { *(.debug_weaknames) }
  .debug_funcnames 0 : { *(.debug_funcnames) }
  .debug_typenames 0 : { *(.debug_typenames) }
  .debug_varnames  0 : { *(.debug_varnames) }
  /* DWARF 3 */
  .debug_pubtypes 0 : { *(.debug_pubtypes) }
  .debug_ranges   0 : { *(.debug_ranges) }
  .gnu.attributes 0 : { KEEP (*(.gnu.attributes)) }
  /DISCARD/ : { *(.note.GNU-stack) *(.gnu_debuglink) *(.gnu.lto_*) }
}


==================================================
attempt to open /usr/lib/gcc/x86_64-linux-gnu/4.4.7/../../../x86_64-linux-gnu/crt1.o succeeded
/usr/lib/gcc/x86_64-linux-gnu/4.4.7/../../../x86_64-linux-gnu/crt1.o
attempt to open /usr/lib/gcc/x86_64-linux-gnu/4.4.7/../../../x86_64-linux-gnu/crti.o succeeded
/usr/lib/gcc/x86_64-linux-gnu/4.4.7/../../../x86_64-linux-gnu/crti.o
attempt to open /usr/lib/gcc/x86_64-linux-gnu/4.4.7/crtbegin.o succeeded
/usr/lib/gcc/x86_64-linux-gnu/4.4.7/crtbegin.o
attempt to open /lib//libgplutil.so failed
attempt to open /lib//libgplutil.a failed
attempt to open .//libgplutil.so failed
attempt to open .//libgplutil.a failed
attempt to open ../../gplutil/src//libgplutil.so failed
attempt to open ../../gplutil/src//libgplutil.a succeeded
attempt to open applets/built-in.o succeeded
applets/built-in.o
attempt to open archival/lib.a succeeded
attempt to open archival/libunarchive/lib.a succeeded
attempt to open console-tools/lib.a succeeded
attempt to open coreutils/lib.a succeeded
attempt to open coreutils/libcoreutils/lib.a succeeded
attempt to open debianutils/lib.a succeeded
attempt to open e2fsprogs/lib.a succeeded
attempt to open editors/lib.a succeeded
attempt to open findutils/lib.a succeeded
attempt to open init/lib.a succeeded
attempt to open ipsvd/lib.a succeeded
attempt to open libbb/lib.a succeeded
(libbb/lib.a)appletlib.o
(libbb/lib.a)bb_basename.o
(libbb/lib.a)concat_path_file.o
(libbb/lib.a)default_error_retval.o
(libbb/lib.a)error_msg_and_die.o
(libbb/lib.a)get_last_path_component.o
(libbb/lib.a)last_char_is.o
(libbb/lib.a)messages.o
(libbb/lib.a)perror_msg.o
(libbb/lib.a)verror_msg.o
(libbb/lib.a)xfuncs.o
(libbb/lib.a)xreadlink.o
(libbb/lib.a)copyfd.o
(libbb/lib.a)error_msg.o
(libbb/lib.a)full_write.o
(libbb/lib.a)perror_msg_and_die.o
(libbb/lib.a)read.o
(libbb/lib.a)safe_write.o
attempt to open libpwdgrp/lib.a succeeded
attempt to open loginutils/lib.a succeeded
attempt to open miscutils/lib.a succeeded
(miscutils/lib.a)crond.o
(miscutils/lib.a)crontab.o
(miscutils/lib.a)makedevs.o
attempt to open modutils/lib.a succeeded
(modutils/lib.a)insmod.o
(modutils/lib.a)rmmod.o
attempt to open networking/lib.a succeeded
(networking/lib.a)ifconfig.o
(networking/lib.a)interface.o
(networking/lib.a)netstat.o
(networking/lib.a)route.o
(networking/lib.a)smuxctl.o
(networking/lib.a)traceroute.o
(networking/lib.a)vconfig.o
attempt to open networking/libiproute/lib.a succeeded
attempt to open networking/udhcp/lib.a succeeded
attempt to open procps/lib.a succeeded
(procps/lib.a)kill.o
(procps/lib.a)pgrep.o
(procps/lib.a)ps.o
(procps/lib.a)top.o
attempt to open runit/lib.a succeeded
attempt to open selinux/lib.a succeeded
attempt to open shell/lib.a succeeded
(shell/lib.a)ash.o
attempt to open sysklogd/lib.a succeeded
attempt to open util-linux/lib.a succeeded
(util-linux/lib.a)more.o
(util-linux/lib.a)mount.o
(util-linux/lib.a)umount.o
attempt to open atpconfig/lib.a succeeded
(atpconfig/lib.a)arp.o
(atpconfig/lib.a)atpcommon.o
(atpconfig/lib.a)checkdebug.o
(atpconfig/lib.a)ftpgetput.o
(atpconfig/lib.a)gplgethostbyname.o
(atpconfig/lib.a)ping.o
(atpconfig/lib.a)tftp.o
(atpconfig/lib.a)traceroute6.o
(atpconfig/lib.a)wget.o
attempt to open archival/built-in.o succeeded
attempt to open archival/libunarchive/built-in.o succeeded
attempt to open console-tools/built-in.o succeeded
attempt to open coreutils/built-in.o succeeded
attempt to open coreutils/libcoreutils/built-in.o succeeded
attempt to open debianutils/built-in.o succeeded
attempt to open e2fsprogs/built-in.o succeeded
attempt to open editors/built-in.o succeeded
attempt to open findutils/built-in.o succeeded
attempt to open init/built-in.o succeeded
attempt to open ipsvd/built-in.o succeeded
attempt to open libbb/built-in.o succeeded
attempt to open libpwdgrp/built-in.o succeeded
attempt to open loginutils/built-in.o succeeded
attempt to open miscutils/built-in.o succeeded
attempt to open modutils/built-in.o succeeded
attempt to open networking/built-in.o succeeded
attempt to open networking/libiproute/built-in.o succeeded
attempt to open networking/udhcp/built-in.o succeeded
attempt to open procps/built-in.o succeeded
attempt to open runit/built-in.o succeeded
attempt to open selinux/built-in.o succeeded
attempt to open shell/built-in.o succeeded
attempt to open sysklogd/built-in.o succeeded
attempt to open util-linux/built-in.o succeeded
attempt to open atpconfig/built-in.o succeeded
(archival/lib.a)gzip.o
(archival/lib.a)tar.o
(archival/lib.a)bbunzip.o
(archival/libunarchive/lib.a)data_extract_all.o
(archival/libunarchive/lib.a)data_extract_to_stdout.o
(archival/libunarchive/lib.a)data_skip.o
(archival/libunarchive/lib.a)decompress_bunzip2.o
(archival/libunarchive/lib.a)decompress_uncompress.o
(archival/libunarchive/lib.a)filter_accept_reject_list.o
(archival/libunarchive/lib.a)find_list_entry.o
(archival/libunarchive/lib.a)get_header_tar.o
(archival/libunarchive/lib.a)get_header_tar_bz2.o
(archival/libunarchive/lib.a)get_header_tar_gz.o
(archival/libunarchive/lib.a)header_list.o
(archival/libunarchive/lib.a)header_verbose_list.o
(archival/libunarchive/lib.a)init_handle.o
(archival/libunarchive/lib.a)open_transformer.o
(archival/libunarchive/lib.a)seek_by_jump.o
(archival/libunarchive/lib.a)seek_by_read.o
(archival/libunarchive/lib.a)data_align.o
(archival/libunarchive/lib.a)decompress_unzip.o
(archival/libunarchive/lib.a)filter_accept_all.o
(archival/libunarchive/lib.a)header_skip.o
(console-tools/lib.a)setconsole.o
(coreutils/lib.a)cat.o
(coreutils/lib.a)chmod.o
(coreutils/lib.a)chown.o
(coreutils/lib.a)cp.o
(coreutils/lib.a)date.o
(coreutils/lib.a)echo.o
(coreutils/lib.a)ln.o
(coreutils/lib.a)ls.o
(coreutils/lib.a)mkdir.o
(coreutils/lib.a)mknod.o
(coreutils/lib.a)mv.o
(coreutils/lib.a)pwd.o
(coreutils/lib.a)rm.o
(coreutils/lib.a)sleep.o
(coreutils/lib.a)test.o
(coreutils/lib.a)usleep.o
(coreutils/lib.a)wc.o
(coreutils/libcoreutils/lib.a)cp_mv_stat.o
(coreutils/libcoreutils/lib.a)getopt_mk_fifo_nod.o
(debianutils/lib.a)start_stop_daemon.o
(editors/lib.a)awk.o
(editors/lib.a)diff.o
(editors/lib.a)sed.o
(editors/lib.a)vi.o
(findutils/lib.a)find.o
(findutils/lib.a)grep.o
(init/lib.a)halt.o
(init/lib.a)init.o
(libbb/lib.a)ask_confirmation.o
(libbb/lib.a)bb_pwd.o
(libbb/lib.a)bb_strtonum.o
(libbb/lib.a)change_identity.o
(libbb/lib.a)compare_string_array.o
(libbb/lib.a)copy_file.o
(libbb/lib.a)crc32.o
(libbb/lib.a)create_icmp6_socket.o
(libbb/lib.a)create_icmp_socket.o
(libbb/lib.a)device_open.o
(libbb/lib.a)execable.o
(libbb/lib.a)fclose_nonstdin.o
(libbb/lib.a)fflush_stdout_and_exit.o
(libbb/lib.a)find_pid_by_name.o
(libbb/lib.a)get_line_from_file.o
(libbb/lib.a)getopt32.o
(libbb/lib.a)herror_msg_and_die.o
(libbb/lib.a)inet_common.o
(libbb/lib.a)info_msg.o
(libbb/lib.a)inode_hash.o
(libbb/lib.a)isdirectory.o
(libbb/lib.a)lineedit.o
(libbb/lib.a)llist.o
(libbb/lib.a)make_directory.o
(libbb/lib.a)makedev.o
(libbb/lib.a)match_fstype.o
(libbb/lib.a)mode_string.o
(libbb/lib.a)mtab_file.o
(libbb/lib.a)parse_mode.o
(libbb/lib.a)perror_nomsg_and_die.o
(libbb/lib.a)pidfile.o
(libbb/lib.a)process_escape_sequence.o
(libbb/lib.a)procps.o
(libbb/lib.a)recursive_action.o
(libbb/lib.a)remove_file.o
(libbb/lib.a)safe_poll.o
(libbb/lib.a)safe_strncpy.o
(libbb/lib.a)simplify_path.o
(libbb/lib.a)skip_whitespace.o
(libbb/lib.a)str_tolower.o
(libbb/lib.a)time.o
(libbb/lib.a)trim.o
(libbb/lib.a)u_signal_names.o
(libbb/lib.a)vfork_daemon_rexec.o
(libbb/lib.a)wfopen.o
(libbb/lib.a)wfopen_input.o
(libbb/lib.a)xatonum.o
(libbb/lib.a)xconnect.o
(libbb/lib.a)xgetcwd.o
(libbb/lib.a)xregcomp.o
(libbb/lib.a)concat_subpath_file.o
(libpwdgrp/lib.a)uidgid_get.o
attempt to open /lib//libssl.so failed
attempt to open /lib//libssl.a failed
attempt to open .//libssl.so failed
attempt to open .//libssl.a failed
attempt to open ../../gplutil/src//libssl.so failed
attempt to open ../../gplutil/src//libssl.a failed
attempt to open /usr/lib/gcc/x86_64-linux-gnu/4.4.7/libssl.so failed
attempt to open /usr/lib/gcc/x86_64-linux-gnu/4.4.7/libssl.a failed
attempt to open /usr/lib/gcc/x86_64-linux-gnu/4.4.7/libssl.so failed
attempt to open /usr/lib/gcc/x86_64-linux-gnu/4.4.7/libssl.a failed
attempt to open /usr/lib/gcc/x86_64-linux-gnu/4.4.7/../../../x86_64-linux-gnu/libssl.so succeeded
-lssl (/usr/lib/gcc/x86_64-linux-gnu/4.4.7/../../../x86_64-linux-gnu/libssl.so)
attempt to open /lib//libgcc.so failed
attempt to open /lib//libgcc.a failed
attempt to open .//libgcc.so failed
attempt to open .//libgcc.a failed
attempt to open ../../gplutil/src//libgcc.so failed
attempt to open ../../gplutil/src//libgcc.a failed
attempt to open /usr/lib/gcc/x86_64-linux-gnu/4.4.7/libgcc.so failed
attempt to open /usr/lib/gcc/x86_64-linux-gnu/4.4.7/libgcc.a succeeded
attempt to open /lib//libgcc_s.so failed
attempt to open /lib//libgcc_s.a failed
attempt to open .//libgcc_s.so failed
attempt to open .//libgcc_s.a failed
attempt to open ../../gplutil/src//libgcc_s.so failed
attempt to open ../../gplutil/src//libgcc_s.a failed
attempt to open /usr/lib/gcc/x86_64-linux-gnu/4.4.7/libgcc_s.so succeeded
-lgcc_s (/usr/lib/gcc/x86_64-linux-gnu/4.4.7/libgcc_s.so)
attempt to open /lib//libc.so failed
attempt to open /lib//libc.a failed
attempt to open .//libc.so failed
attempt to open .//libc.a failed
attempt to open ../../gplutil/src//libc.so failed
attempt to open ../../gplutil/src//libc.a failed
attempt to open /usr/lib/gcc/x86_64-linux-gnu/4.4.7/libc.so failed
attempt to open /usr/lib/gcc/x86_64-linux-gnu/4.4.7/libc.a failed
attempt to open /usr/lib/gcc/x86_64-linux-gnu/4.4.7/libc.so failed
attempt to open /usr/lib/gcc/x86_64-linux-gnu/4.4.7/libc.a failed
attempt to open /usr/lib/gcc/x86_64-linux-gnu/4.4.7/../../../x86_64-linux-gnu/libc.so succeeded
opened script file /usr/lib/gcc/x86_64-linux-gnu/4.4.7/../../../x86_64-linux-gnu/libc.so
opened script file /usr/lib/gcc/x86_64-linux-gnu/4.4.7/../../../x86_64-linux-gnu/libc.so
attempt to open /lib/x86_64-linux-gnu/libc.so.6 succeeded
/lib/x86_64-linux-gnu/libc.so.6
attempt to open /usr/lib/x86_64-linux-gnu/libc_nonshared.a succeeded
(/usr/lib/x86_64-linux-gnu/libc_nonshared.a)elf-init.oS
(/usr/lib/x86_64-linux-gnu/libc_nonshared.a)atexit.oS
(/usr/lib/x86_64-linux-gnu/libc_nonshared.a)stat64.oS
(/usr/lib/x86_64-linux-gnu/libc_nonshared.a)fstat64.oS
(/usr/lib/x86_64-linux-gnu/libc_nonshared.a)lstat64.oS
(/usr/lib/x86_64-linux-gnu/libc_nonshared.a)mknod.oS
attempt to open /lib/x86_64-linux-gnu/ld-linux-x86-64.so.2 succeeded
/lib/x86_64-linux-gnu/ld-linux-x86-64.so.2
attempt to open /lib//libgcc.so failed
attempt to open /lib//libgcc.a failed
attempt to open .//libgcc.so failed
attempt to open .//libgcc.a failed
attempt to open ../../gplutil/src//libgcc.so failed
attempt to open ../../gplutil/src//libgcc.a failed
attempt to open /usr/lib/gcc/x86_64-linux-gnu/4.4.7/libgcc.so failed
attempt to open /usr/lib/gcc/x86_64-linux-gnu/4.4.7/libgcc.a succeeded
attempt to open /lib//libgcc_s.so failed
attempt to open /lib//libgcc_s.a failed
attempt to open .//libgcc_s.so failed
attempt to open .//libgcc_s.a failed
attempt to open ../../gplutil/src//libgcc_s.so failed
attempt to open ../../gplutil/src//libgcc_s.a failed
attempt to open /usr/lib/gcc/x86_64-linux-gnu/4.4.7/libgcc_s.so succeeded
-lgcc_s (/usr/lib/gcc/x86_64-linux-gnu/4.4.7/libgcc_s.so)
attempt to open /usr/lib/gcc/x86_64-linux-gnu/4.4.7/crtend.o succeeded
/usr/lib/gcc/x86_64-linux-gnu/4.4.7/crtend.o
attempt to open /usr/lib/gcc/x86_64-linux-gnu/4.4.7/../../../x86_64-linux-gnu/crtn.o succeeded
/usr/lib/gcc/x86_64-linux-gnu/4.4.7/../../../x86_64-linux-gnu/crtn.o
libcrypto.so.1.0.0 needed by /usr/lib/gcc/x86_64-linux-gnu/4.4.7/../../../x86_64-linux-gnu/libssl.so
found libcrypto.so.1.0.0 at /lib/x86_64-linux-gnu/libcrypto.so.1.0.0
ld-linux-x86-64.so.2 needed by /lib/x86_64-linux-gnu/libc.so.6
found ld-linux-x86-64.so.2 at /lib/x86_64-linux-gnu/ld-linux-x86-64.so.2
libdl.so.2 needed by /lib/x86_64-linux-gnu/libcrypto.so.1.0.0
found libdl.so.2 at /lib/x86_64-linux-gnu/libdl.so.2
libz.so.1 needed by /lib/x86_64-linux-gnu/libcrypto.so.1.0.0
found libz.so.1 at /lib/x86_64-linux-gnu/libz.so.1
