This file contains any messages produced by compilers while
running configure, to aid debugging if configure makes a mistake.

It was created by configure, which was
generated by GNU Autoconf 2.69.  Invocation command line was

  $ ./configure --prefix=/usr1/home/z65940/demo/gpl/release-gpl/build/libosip2/install

## --------- ##
## Platform. ##
## --------- ##

hostname = wuhcitculx01008
uname -m = x86_64
uname -r = 2.6.32.38-generic
uname -s = Linux
uname -v = #2 SMP Mon Jul 23 20:53:04 CST 2012

/usr/bin/uname -p = unknown
/bin/uname -X     = unknown

/bin/arch              = unknown
/usr/bin/arch -k       = unknown
/usr/convex/getsysinfo = unknown
/usr/bin/hostinfo      = unknown
/bin/machine           = unknown
/usr/bin/oslevel       = unknown
/bin/universe          = unknown

PATH: /usr1/home/z65940/bin
PATH: /usr1/home/z65940/demo/node/node-v4.2.2-linux-x64/bin
PATH: /usr1/home/z65940/bin
PATH: /opt/CodeSourcery/Sourcery_G++_Lite/bin
PATH: /usr/local/sbin
PATH: /usr/local/bin
PATH: /usr/sbin
PATH: /usr/bin
PATH: /sbin
PATH: /bin
PATH: /usr/games
PATH: /opt/ecloud/i686_Linux/64/bin
PATH: /usr/android-ndk-r9d
PATH: /opt/HP_Fortify_SCA_and_Apps_3.60/bin
PATH: /usr1/home/z65940/bin
PATH: /opt/CodeSourcery/Sourcery_G++_Lite/bin
PATH: /usr/java/jdk1.7.0_79/bin
PATH: /usr/java/jdk1.7.0_79/bin
PATH: /usr/local/sbin
PATH: /usr/local/bin
PATH: /usr/sbin
PATH: /usr/bin
PATH: /sbin
PATH: /bin
PATH: /usr/games
PATH: /usr/lib/jvm/java-7-oracle/bin
PATH: /usr/lib/jvm/java-7-oracle/db/bin
PATH: /usr/lib/jvm/java-7-oracle/jre/bin
PATH: /opt/ecloud/i686_Linux/64/bin
PATH: /usr/android-ndk-r9d
PATH: /opt/HP_Fortify_SCA_and_Apps_3.60/bin


## ----------- ##
## Core tests. ##
## ----------- ##

configure:2288: osip2                   The GNU Open SIP library.
configure:2290: Copyright (C) 2001-2012 Aymeric MOIZARD - <amoizard@antisip.com>
configure:2319: result: Configuring libosip2 4.1.0
configure:2322: result: Building Package on linux
configure:2374: checking for a BSD-compatible install
configure:2442: result: /usr/bin/install -c
configure:2453: checking whether build environment is sane
configure:2503: result: yes
configure:2644: checking for a thread-safe mkdir -p
configure:2683: result: /bin/mkdir -p
configure:2696: checking for gawk
configure:2712: found /usr/bin/gawk
configure:2723: result: gawk
configure:2734: checking whether make sets $(MAKE)
configure:2756: result: yes
configure:2855: checking build system type
configure:2869: result: x86_64-unknown-linux-gnu
configure:2889: checking host system type
configure:2902: result: x86_64-unknown-linux-gnu
configure:2972: checking for gcc
configure:2988: found /usr/local/bin/gcc
configure:2999: result: gcc
configure:3228: checking for C compiler version
configure:3237: gcc --version >&5
gcc (GCC) 4.8.2
Copyright (C) 2013 Free Software Foundation, Inc.
This is free software; see the source for copying conditions.  There is NO
warranty; not even for MERCHANTABILITY or FITNESS FOR A PARTICULAR PURPOSE.

configure:3248: $? = 0
configure:3237: gcc -v >&5
Using built-in specs.
COLLECT_GCC=gcc
COLLECT_LTO_WRAPPER=/usr/local/libexec/gcc/x86_64-unknown-linux-gnu/4.8.2/lto-wrapper
Target: x86_64-unknown-linux-gnu
Configured with: ./configure
Thread model: posix
gcc version 4.8.2 (GCC) 
configure:3248: $? = 0
configure:3237: gcc -V >&5
gcc: error: unrecognized command line option '-V'
gcc: fatal error: no input files
compilation terminated.
configure:3248: $? = 1
configure:3237: gcc -qversion >&5
gcc: error: unrecognized command line option '-qversion'
gcc: fatal error: no input files
compilation terminated.
configure:3248: $? = 1
configure:3268: checking whether the C compiler works
configure:3290: gcc    conftest.c  >&5
configure:3294: $? = 0
configure:3342: result: yes
configure:3345: checking for C compiler default output file name
configure:3347: result: a.out
configure:3353: checking for suffix of executables
configure:3360: gcc -o conftest    conftest.c  >&5
configure:3364: $? = 0
configure:3386: result: 
configure:3408: checking whether we are cross compiling
configure:3416: gcc -o conftest    conftest.c  >&5
configure:3420: $? = 0
configure:3427: ./conftest
configure:3431: $? = 0
configure:3446: result: no
configure:3451: checking for suffix of object files
configure:3473: gcc -c   conftest.c >&5
configure:3477: $? = 0
configure:3498: result: o
configure:3502: checking whether we are using the GNU C compiler
configure:3521: gcc -c   conftest.c >&5
configure:3521: $? = 0
configure:3530: result: yes
configure:3539: checking whether gcc accepts -g
configure:3559: gcc -c -g  conftest.c >&5
configure:3559: $? = 0
configure:3600: result: yes
configure:3617: checking for gcc option to accept ISO C89
configure:3680: gcc  -c -g -O2 -fPIC  conftest.c >&5
configure:3680: $? = 0
configure:3693: result: none needed
configure:3724: checking for style of include used by make
configure:3752: result: GNU
configure:3778: checking dependency style of gcc
configure:3889: result: gcc3
configure:3909: checking how to run the C preprocessor
configure:3940: gcc -E  conftest.c
configure:3940: $? = 0
configure:3954: gcc -E  conftest.c
conftest.c:11:28: fatal error: ac_nonexistent.h: No such file or directory
 #include <ac_nonexistent.h>
                            ^
compilation terminated.
configure:3954: $? = 1
configure: failed program was:
| /* confdefs.h */
| #define PACKAGE_NAME ""
| #define PACKAGE_TARNAME ""
| #define PACKAGE_VERSION ""
| #define PACKAGE_STRING ""
| #define PACKAGE_BUGREPORT ""
| #define PACKAGE_URL ""
| #define PACKAGE "libosip2"
| #define VERSION "4.1.0"
| /* end confdefs.h.  */
| #include <ac_nonexistent.h>
configure:3979: result: gcc -E
configure:3999: gcc -E  conftest.c
configure:3999: $? = 0
configure:4013: gcc -E  conftest.c
conftest.c:11:28: fatal error: ac_nonexistent.h: No such file or directory
 #include <ac_nonexistent.h>
                            ^
compilation terminated.
configure:4013: $? = 1
configure: failed program was:
| /* confdefs.h */
| #define PACKAGE_NAME ""
| #define PACKAGE_TARNAME ""
| #define PACKAGE_VERSION ""
| #define PACKAGE_STRING ""
| #define PACKAGE_BUGREPORT ""
| #define PACKAGE_URL ""
| #define PACKAGE "libosip2"
| #define VERSION "4.1.0"
| /* end confdefs.h.  */
| #include <ac_nonexistent.h>
configure:4347: checking for a sed that does not truncate output
configure:4411: result: /bin/sed
configure:4462: checking how to print strings
configure:4489: result: printf
configure:4510: checking for a sed that does not truncate output
configure:4574: result: /bin/sed
configure:4592: checking for grep that handles long lines and -e
configure:4650: result: /bin/grep
configure:4655: checking for egrep
configure:4717: result: /bin/grep -E
configure:4722: checking for fgrep
configure:4784: result: /bin/grep -F
configure:4819: checking for ld used by gcc
configure:4886: result: /usr/bin/ld
configure:4893: checking if the linker (/usr/bin/ld) is GNU ld
configure:4908: result: yes
configure:4920: checking for BSD- or MS-compatible name lister (nm)
configure:4969: result: /usr/bin/nm -B
configure:5099: checking the name lister (/usr/bin/nm -B) interface
configure:5106: gcc -c -g -O2 -fPIC  conftest.c >&5
configure:5109: /usr/bin/nm -B "conftest.o"
configure:5112: output
0000000000000000 B some_variable
configure:5119: result: BSD nm
configure:5122: checking whether ln -s works
configure:5126: result: yes
configure:5134: checking the maximum length of command line arguments
configure:5264: result: 1572864
configure:5281: checking whether the shell understands some XSI constructs
configure:5291: result: yes
configure:5295: checking whether the shell understands "+="
configure:5301: result: yes
configure:5336: checking how to convert x86_64-unknown-linux-gnu file names to x86_64-unknown-linux-gnu format
configure:5376: result: func_convert_file_noop
configure:5383: checking how to convert x86_64-unknown-linux-gnu file names to toolchain format
configure:5403: result: func_convert_file_noop
configure:5410: checking for /usr/bin/ld option to reload object files
configure:5417: result: -r
configure:5491: checking for objdump
configure:5518: result: objdump
configure:5547: checking how to recognize dependent libraries
configure:5745: result: pass_all
configure:5830: checking for dlltool
configure:5857: result: dlltool
configure:5887: checking how to associate runtime and link libraries
configure:5914: result: printf %s\n
configure:5975: checking for ar
configure:5991: found /usr/bin/ar
configure:6002: result: ar
configure:6039: checking for archiver @FILE support
configure:6056: gcc -c -g -O2 -fPIC  conftest.c >&5
configure:6056: $? = 0
configure:6059: ar cru libconftest.a @conftest.lst >&5
configure:6062: $? = 0
configure:6067: ar cru libconftest.a @conftest.lst >&5
ar: conftest.o: No such file or directory
configure:6070: $? = 1
configure:6082: result: @
configure:6140: checking for strip
configure:6156: found /usr/bin/strip
configure:6167: result: strip
configure:6239: checking for ranlib
configure:6255: found /usr/bin/ranlib
configure:6266: result: ranlib
configure:6368: checking command to parse /usr/bin/nm -B output from gcc object
configure:6488: gcc -c -g -O2 -fPIC  conftest.c >&5
configure:6491: $? = 0
configure:6495: /usr/bin/nm -B conftest.o \| sed -n -e 's/^.*[ ]\([ABCDGIRSTW][ABCDGIRSTW]*\)[ ][ ]*\([_A-Za-z][_A-Za-z0-9]*\)$/\1 \2 \2/p' | sed '/ __gnu_lto/d' \> conftest.nm
configure:6498: $? = 0
configure:6564: gcc -o conftest -g -O2 -fPIC   conftest.c conftstm.o >&5
configure:6567: $? = 0
configure:6605: result: ok
configure:6642: checking for sysroot
configure:6672: result: no
configure:6749: gcc -c -g -O2 -fPIC  conftest.c >&5
configure:6752: $? = 0
configure:6928: checking for mt
configure:6944: found /bin/mt
configure:6955: result: mt
configure:6978: checking if mt is a manifest tool
configure:6984: mt '-?'
mt: invalid option -- ?
configure:6992: result: no
configure:7630: checking for ANSI C header files
configure:7650: gcc -c -g -O2 -fPIC  conftest.c >&5
configure:7650: $? = 0
configure:7723: gcc -o conftest -g -O2 -fPIC   conftest.c  >&5
configure:7723: $? = 0
configure:7723: ./conftest
configure:7723: $? = 0
configure:7734: result: yes
configure:7747: checking for sys/types.h
configure:7747: gcc -c -g -O2 -fPIC  conftest.c >&5
configure:7747: $? = 0
configure:7747: result: yes
configure:7747: checking for sys/stat.h
configure:7747: gcc -c -g -O2 -fPIC  conftest.c >&5
configure:7747: $? = 0
configure:7747: result: yes
configure:7747: checking for stdlib.h
configure:7747: gcc -c -g -O2 -fPIC  conftest.c >&5
configure:7747: $? = 0
configure:7747: result: yes
configure:7747: checking for string.h
configure:7747: gcc -c -g -O2 -fPIC  conftest.c >&5
configure:7747: $? = 0
configure:7747: result: yes
configure:7747: checking for memory.h
configure:7747: gcc -c -g -O2 -fPIC  conftest.c >&5
configure:7747: $? = 0
configure:7747: result: yes
configure:7747: checking for strings.h
configure:7747: gcc -c -g -O2 -fPIC  conftest.c >&5
configure:7747: $? = 0
configure:7747: result: yes
configure:7747: checking for inttypes.h
configure:7747: gcc -c -g -O2 -fPIC  conftest.c >&5
configure:7747: $? = 0
configure:7747: result: yes
configure:7747: checking for stdint.h
configure:7747: gcc -c -g -O2 -fPIC  conftest.c >&5
configure:7747: $? = 0
configure:7747: result: yes
configure:7747: checking for unistd.h
configure:7747: gcc -c -g -O2 -fPIC  conftest.c >&5
configure:7747: $? = 0
configure:7747: result: yes
configure:7761: checking for dlfcn.h
configure:7761: gcc -c -g -O2 -fPIC  conftest.c >&5
configure:7761: $? = 0
configure:7761: result: yes
configure:7965: checking for objdir
configure:7980: result: .libs
configure:8247: checking if gcc supports -fno-rtti -fno-exceptions
configure:8265: gcc -c -g -O2 -fPIC  -fno-rtti -fno-exceptions conftest.c >&5
cc1: warning: command line option '-fno-rtti' is valid for C++/ObjC++ but not for C [enabled by default]
configure:8269: $? = 0
configure:8282: result: no
configure:8609: checking for gcc option to produce PIC
configure:8616: result: -fPIC -DPIC
configure:8624: checking if gcc PIC flag -fPIC -DPIC works
configure:8642: gcc -c -g -O2 -fPIC  -fPIC -DPIC -DPIC conftest.c >&5
configure:8646: $? = 0
configure:8659: result: yes
configure:8688: checking if gcc static flag -static works
configure:8716: result: yes
configure:8731: checking if gcc supports -c -o file.o
configure:8752: gcc -c -g -O2 -fPIC  -o out/conftest2.o conftest.c >&5
configure:8756: $? = 0
configure:8778: result: yes
configure:8786: checking if gcc supports -c -o file.o
configure:8833: result: yes
configure:8866: checking whether the gcc linker (/usr/bin/ld -m elf_x86_64) supports shared libraries
configure:10023: result: yes
configure:10060: checking whether -lc should be explicitly linked in
configure:10068: gcc -c -g -O2 -fPIC  conftest.c >&5
configure:10071: $? = 0
configure:10086: gcc -shared  -fPIC -DPIC conftest.o  -v -Wl,-soname -Wl,conftest -o conftest 2\>\&1 \| /bin/grep  -lc  \>/dev/null 2\>\&1
configure:10089: $? = 0
configure:10103: result: no
configure:10263: checking dynamic linker characteristics
configure:10763: gcc -o conftest -g -O2 -fPIC   -Wl,-rpath -Wl,/foo conftest.c  >&5
configure:10763: $? = 0
configure:10997: result: GNU/Linux ld.so
configure:11104: checking how to hardcode library paths into programs
configure:11129: result: immediate
configure:11669: checking whether stripping libraries is possible
configure:11674: result: yes
configure:11709: checking if libtool supports shared libraries
configure:11711: result: yes
configure:11714: checking whether to build shared libraries
configure:11735: result: yes
configure:11738: checking whether to build static libraries
configure:11742: result: yes
configure:11992: checking for the pthreads library -lpthreads
configure:12025: gcc -o conftest -g -O2 -fPIC    conftest.c -lpthreads  >&5
/usr/bin/ld: cannot find -lpthreads
collect2: error: ld returned 1 exit status
configure:12025: $? = 1
configure: failed program was:
| /* confdefs.h */
| #define PACKAGE_NAME ""
| #define PACKAGE_TARNAME ""
| #define PACKAGE_VERSION ""
| #define PACKAGE_STRING ""
| #define PACKAGE_BUGREPORT ""
| #define PACKAGE_URL ""
| #define PACKAGE "libosip2"
| #define VERSION "4.1.0"
| #define STDC_HEADERS 1
| #define HAVE_SYS_TYPES_H 1
| #define HAVE_SYS_STAT_H 1
| #define HAVE_STDLIB_H 1
| #define HAVE_STRING_H 1
| #define HAVE_MEMORY_H 1
| #define HAVE_STRINGS_H 1
| #define HAVE_INTTYPES_H 1
| #define HAVE_STDINT_H 1
| #define HAVE_UNISTD_H 1
| #define HAVE_DLFCN_H 1
| #define LT_OBJDIR ".libs/"
| /* end confdefs.h.  */
| #include <pthread.h>
| int
| main ()
| {
| pthread_t th; pthread_join(th, 0);
|                      pthread_attr_init(0); pthread_cleanup_push(0, 0);
|                      pthread_create(0,0,0,0); pthread_cleanup_pop(0);
|   ;
|   return 0;
| }
configure:12034: result: no
configure:11981: checking whether pthreads work without any flags
configure:12025: gcc -o conftest -g -O2 -fPIC    conftest.c   >&5
/usr/bin/ld: Dwarf Error: found dwarf version '4', this reader only handles version 2 and 3 information.
/tmp/ccbdlWQn.o: In function `main':
conftest.c:(.text.startup+0xa): undefined reference to `pthread_join'
/usr/bin/ld: Dwarf Error: found dwarf version '0', this reader only handles version 2 and 3 information.
conftest.c:(.text.startup+0x27): undefined reference to `__pthread_register_cancel'
/usr/bin/ld: Dwarf Error: found dwarf version '478', this reader only handles version 2 and 3 information.
conftest.c:(.text.startup+0x34): undefined reference to `pthread_create'
/usr/bin/ld: Dwarf Error: found dwarf version '7681', this reader only handles version 2 and 3 information.
conftest.c:(.text.startup+0x3c): undefined reference to `__pthread_unregister_cancel'
collect2: error: ld returned 1 exit status
configure:12025: $? = 1
configure: failed program was:
| /* confdefs.h */
| #define PACKAGE_NAME ""
| #define PACKAGE_TARNAME ""
| #define PACKAGE_VERSION ""
| #define PACKAGE_STRING ""
| #define PACKAGE_BUGREPORT ""
| #define PACKAGE_URL ""
| #define PACKAGE "libosip2"
| #define VERSION "4.1.0"
| #define STDC_HEADERS 1
| #define HAVE_SYS_TYPES_H 1
| #define HAVE_SYS_STAT_H 1
| #define HAVE_STDLIB_H 1
| #define HAVE_STRING_H 1
| #define HAVE_MEMORY_H 1
| #define HAVE_STRINGS_H 1
| #define HAVE_INTTYPES_H 1
| #define HAVE_STDINT_H 1
| #define HAVE_UNISTD_H 1
| #define HAVE_DLFCN_H 1
| #define LT_OBJDIR ".libs/"
| /* end confdefs.h.  */
| #include <pthread.h>
| int
| main ()
| {
| pthread_t th; pthread_join(th, 0);
|                      pthread_attr_init(0); pthread_cleanup_push(0, 0);
|                      pthread_create(0,0,0,0); pthread_cleanup_pop(0);
|   ;
|   return 0;
| }
configure:12034: result: no
configure:11986: checking whether pthreads work with -Kthread
configure:12025: gcc -o conftest -g -O2 -fPIC -Kthread   conftest.c   >&5
gcc: error: unrecognized command line option '-Kthread'
configure:12025: $? = 1
configure: failed program was:
| /* confdefs.h */
| #define PACKAGE_NAME ""
| #define PACKAGE_TARNAME ""
| #define PACKAGE_VERSION ""
| #define PACKAGE_STRING ""
| #define PACKAGE_BUGREPORT ""
| #define PACKAGE_URL ""
| #define PACKAGE "libosip2"
| #define VERSION "4.1.0"
| #define STDC_HEADERS 1
| #define HAVE_SYS_TYPES_H 1
| #define HAVE_SYS_STAT_H 1
| #define HAVE_STDLIB_H 1
| #define HAVE_STRING_H 1
| #define HAVE_MEMORY_H 1
| #define HAVE_STRINGS_H 1
| #define HAVE_INTTYPES_H 1
| #define HAVE_STDINT_H 1
| #define HAVE_UNISTD_H 1
| #define HAVE_DLFCN_H 1
| #define LT_OBJDIR ".libs/"
| /* end confdefs.h.  */
| #include <pthread.h>
| int
| main ()
| {
| pthread_t th; pthread_join(th, 0);
|                      pthread_attr_init(0); pthread_cleanup_push(0, 0);
|                      pthread_create(0,0,0,0); pthread_cleanup_pop(0);
|   ;
|   return 0;
| }
configure:12034: result: no
configure:11986: checking whether pthreads work with -kthread
configure:12025: gcc -o conftest -g -O2 -fPIC -kthread   conftest.c   >&5
gcc: error: unrecognized command line option '-kthread'
configure:12025: $? = 1
configure: failed program was:
| /* confdefs.h */
| #define PACKAGE_NAME ""
| #define PACKAGE_TARNAME ""
| #define PACKAGE_VERSION ""
| #define PACKAGE_STRING ""
| #define PACKAGE_BUGREPORT ""
| #define PACKAGE_URL ""
| #define PACKAGE "libosip2"
| #define VERSION "4.1.0"
| #define STDC_HEADERS 1
| #define HAVE_SYS_TYPES_H 1
| #define HAVE_SYS_STAT_H 1
| #define HAVE_STDLIB_H 1
| #define HAVE_STRING_H 1
| #define HAVE_MEMORY_H 1
| #define HAVE_STRINGS_H 1
| #define HAVE_INTTYPES_H 1
| #define HAVE_STDINT_H 1
| #define HAVE_UNISTD_H 1
| #define HAVE_DLFCN_H 1
| #define LT_OBJDIR ".libs/"
| /* end confdefs.h.  */
| #include <pthread.h>
| int
| main ()
| {
| pthread_t th; pthread_join(th, 0);
|                      pthread_attr_init(0); pthread_cleanup_push(0, 0);
|                      pthread_create(0,0,0,0); pthread_cleanup_pop(0);
|   ;
|   return 0;
| }
configure:12034: result: no
configure:11992: checking for the pthreads library -llthread
configure:12025: gcc -o conftest -g -O2 -fPIC    conftest.c -llthread  >&5
/usr/bin/ld: cannot find -llthread
collect2: error: ld returned 1 exit status
configure:12025: $? = 1
configure: failed program was:
| /* confdefs.h */
| #define PACKAGE_NAME ""
| #define PACKAGE_TARNAME ""
| #define PACKAGE_VERSION ""
| #define PACKAGE_STRING ""
| #define PACKAGE_BUGREPORT ""
| #define PACKAGE_URL ""
| #define PACKAGE "libosip2"
| #define VERSION "4.1.0"
| #define STDC_HEADERS 1
| #define HAVE_SYS_TYPES_H 1
| #define HAVE_SYS_STAT_H 1
| #define HAVE_STDLIB_H 1
| #define HAVE_STRING_H 1
| #define HAVE_MEMORY_H 1
| #define HAVE_STRINGS_H 1
| #define HAVE_INTTYPES_H 1
| #define HAVE_STDINT_H 1
| #define HAVE_UNISTD_H 1
| #define HAVE_DLFCN_H 1
| #define LT_OBJDIR ".libs/"
| /* end confdefs.h.  */
| #include <pthread.h>
| int
| main ()
| {
| pthread_t th; pthread_join(th, 0);
|                      pthread_attr_init(0); pthread_cleanup_push(0, 0);
|                      pthread_create(0,0,0,0); pthread_cleanup_pop(0);
|   ;
|   return 0;
| }
configure:12034: result: no
configure:11986: checking whether pthreads work with -pthread
configure:12025: gcc -o conftest -g -O2 -fPIC -pthread   conftest.c   >&5
configure:12025: $? = 0
configure:12034: result: yes
configure:12054: checking for joinable pthread attribute
configure:12067: gcc -o conftest -g -O2 -fPIC -pthread   conftest.c   >&5
configure:12067: $? = 0
configure:12099: result: PTHREAD_CREATE_JOINABLE
configure:12106: checking if more special flags are required for pthreads
configure:12113: result: no
configure:12125: checking for cc_r
configure:12153: result: gcc
configure:12239: checking semaphore.h usability
configure:12239: gcc -c -g -O2 -fPIC  conftest.c >&5
configure:12239: $? = 0
configure:12239: result: yes
configure:12239: checking semaphore.h presence
configure:12239: gcc -E  conftest.c
configure:12239: $? = 0
configure:12239: result: yes
configure:12239: checking for semaphore.h
configure:12239: result: yes
configure:12251: checking sys/sem.h usability
configure:12251: gcc -c -g -O2 -fPIC  conftest.c >&5
configure:12251: $? = 0
configure:12251: result: yes
configure:12251: checking sys/sem.h presence
configure:12251: gcc -E  conftest.c
configure:12251: $? = 0
configure:12251: result: yes
configure:12251: checking for sys/sem.h
configure:12251: result: yes
configure:12346: checking for sem_open in -lposix4
configure:12371: gcc -o conftest -g  -fPIC   conftest.c -lposix4   >&5
/usr/bin/ld: cannot find -lposix4
collect2: error: ld returned 1 exit status
configure:12371: $? = 1
configure: failed program was:
| /* confdefs.h */
| #define PACKAGE_NAME ""
| #define PACKAGE_TARNAME ""
| #define PACKAGE_VERSION ""
| #define PACKAGE_STRING ""
| #define PACKAGE_BUGREPORT ""
| #define PACKAGE_URL ""
| #define PACKAGE "libosip2"
| #define VERSION "4.1.0"
| #define STDC_HEADERS 1
| #define HAVE_SYS_TYPES_H 1
| #define HAVE_SYS_STAT_H 1
| #define HAVE_STDLIB_H 1
| #define HAVE_STRING_H 1
| #define HAVE_MEMORY_H 1
| #define HAVE_STRINGS_H 1
| #define HAVE_INTTYPES_H 1
| #define HAVE_STDINT_H 1
| #define HAVE_UNISTD_H 1
| #define HAVE_DLFCN_H 1
| #define LT_OBJDIR ".libs/"
| #define HAVE_PTHREAD 1
| #define HAVE_SEMAPHORE_H 1
| #define HAVE_SYS_SEM_H 1
| /* end confdefs.h.  */
| 
| /* Override any GCC internal prototype to avoid an error.
|    Use char because int might match the return type of a GCC
|    builtin and then its argument prototype would still apply.  */
| #ifdef __cplusplus
| extern "C"
| #endif
| char sem_open ();
| int
| main ()
| {
| return sem_open ();
|   ;
|   return 0;
| }
configure:12380: result: no
configure:12386: checking for nis_add in -lnsl
configure:12411: gcc -o conftest -g  -fPIC   conftest.c -lnsl   >&5
configure:12411: $? = 0
configure:12420: result: yes
configure:12426: checking for sendto in -lsocket
configure:12451: gcc -o conftest -g  -fPIC   conftest.c -lsocket   >&5
/usr/bin/ld: cannot find -lsocket
collect2: error: ld returned 1 exit status
configure:12451: $? = 1
configure: failed program was:
| /* confdefs.h */
| #define PACKAGE_NAME ""
| #define PACKAGE_TARNAME ""
| #define PACKAGE_VERSION ""
| #define PACKAGE_STRING ""
| #define PACKAGE_BUGREPORT ""
| #define PACKAGE_URL ""
| #define PACKAGE "libosip2"
| #define VERSION "4.1.0"
| #define STDC_HEADERS 1
| #define HAVE_SYS_TYPES_H 1
| #define HAVE_SYS_STAT_H 1
| #define HAVE_STDLIB_H 1
| #define HAVE_STRING_H 1
| #define HAVE_MEMORY_H 1
| #define HAVE_STRINGS_H 1
| #define HAVE_INTTYPES_H 1
| #define HAVE_STDINT_H 1
| #define HAVE_UNISTD_H 1
| #define HAVE_DLFCN_H 1
| #define LT_OBJDIR ".libs/"
| #define HAVE_PTHREAD 1
| #define HAVE_SEMAPHORE_H 1
| #define HAVE_SYS_SEM_H 1
| /* end confdefs.h.  */
| 
| /* Override any GCC internal prototype to avoid an error.
|    Use char because int might match the return type of a GCC
|    builtin and then its argument prototype would still apply.  */
| #ifdef __cplusplus
| extern "C"
| #endif
| char sendto ();
| int
| main ()
| {
| return sendto ();
|   ;
|   return 0;
| }
configure:12460: result: no
configure:12466: checking for lrand48 in -lc
configure:12491: gcc -o conftest -g  -fPIC   conftest.c -lc   >&5
configure:12491: $? = 0
configure:12500: result: yes
configure:12508: checking for clock_gettime in -lrt
configure:12533: gcc -o conftest -g  -fPIC   conftest.c -lrt   >&5
configure:12533: $? = 0
configure:12542: result: yes
configure:12549: checking whether -Wall works
configure:12568: gcc -c -g  -fPIC -Wall conftest.c >&5
configure:12568: $? = 0
configure:12577: result: yes
configure:12584: checking whether -Wcast-align works
configure:12603: gcc -c -g  -fPIC -Wcast-align conftest.c >&5
configure:12603: $? = 0
configure:12612: result: yes
configure:12619: checking whether -Wchar-subscripts works
configure:12638: gcc -c -g  -fPIC -Wchar-subscripts conftest.c >&5
configure:12638: $? = 0
configure:12647: result: yes
configure:12654: checking whether -Wformat works
configure:12673: gcc -c -g  -fPIC -Wformat conftest.c >&5
configure:12673: $? = 0
configure:12682: result: yes
configure:12689: checking whether -Winline works
configure:12708: gcc -c -g  -fPIC -Winline conftest.c >&5
configure:12708: $? = 0
configure:12717: result: yes
configure:12724: checking whether -Wmissing-declarations works
configure:12743: gcc -c -g  -fPIC -Wmissing-declarations conftest.c >&5
configure:12743: $? = 0
configure:12752: result: yes
configure:12759: checking whether -Wmissing-prototypes works
configure:12778: gcc -c -g  -fPIC -Wmissing-prototypes conftest.c >&5
configure:12778: $? = 0
configure:12787: result: yes
configure:12794: checking whether -Wnested-externs works
configure:12813: gcc -c -g  -fPIC -Wnested-externs conftest.c >&5
configure:12813: $? = 0
configure:12822: result: yes
configure:12829: checking whether -Wpointer-arith works
configure:12848: gcc -c -g  -fPIC -Wpointer-arith conftest.c >&5
configure:12848: $? = 0
configure:12857: result: yes
configure:12877: checking for ANSI C header files
configure:12981: result: yes
configure:12991: checking for string.h
configure:12991: result: yes
configure:13003: checking for strings.h
configure:13003: result: yes
configure:13015: checking for stdlib.h
configure:13015: result: yes
configure:13027: checking for unistd.h
configure:13027: result: yes
configure:13039: checking for sys/types.h
configure:13039: result: yes
configure:13052: checking sys/unistd.h usability
configure:13052: gcc -c -g  -fPIC  -Wall -Wcast-align -Wchar-subscripts -Wformat -Winline -Wmissing-declarations -Wmissing-prototypes -Wnested-externs -Wpointer-arith conftest.c >&5
configure:13052: $? = 0
configure:13052: result: yes
configure:13052: checking sys/unistd.h presence
configure:13052: gcc -E  -Wall -Wcast-align -Wchar-subscripts -Wformat -Winline -Wmissing-declarations -Wmissing-prototypes -Wnested-externs -Wpointer-arith conftest.c
configure:13052: $? = 0
configure:13052: result: yes
configure:13052: checking for sys/unistd.h
configure:13052: result: yes
configure:13064: checking syslog.h usability
configure:13064: gcc -c -g  -fPIC  -Wall -Wcast-align -Wchar-subscripts -Wformat -Winline -Wmissing-declarations -Wmissing-prototypes -Wnested-externs -Wpointer-arith conftest.c >&5
configure:13064: $? = 0
configure:13064: result: yes
configure:13064: checking syslog.h presence
configure:13064: gcc -E  -Wall -Wcast-align -Wchar-subscripts -Wformat -Winline -Wmissing-declarations -Wmissing-prototypes -Wnested-externs -Wpointer-arith conftest.c
configure:13064: $? = 0
configure:13064: result: yes
configure:13064: checking for syslog.h
configure:13064: result: yes
configure:13076: checking ctype.h usability
configure:13076: gcc -c -g  -fPIC  -Wall -Wcast-align -Wchar-subscripts -Wformat -Winline -Wmissing-declarations -Wmissing-prototypes -Wnested-externs -Wpointer-arith conftest.c >&5
configure:13076: $? = 0
configure:13076: result: yes
configure:13076: checking ctype.h presence
configure:13076: gcc -E  -Wall -Wcast-align -Wchar-subscripts -Wformat -Winline -Wmissing-declarations -Wmissing-prototypes -Wnested-externs -Wpointer-arith conftest.c
configure:13076: $? = 0
configure:13076: result: yes
configure:13076: checking for ctype.h
configure:13076: result: yes
configure:13088: checking stdio.h usability
configure:13088: gcc -c -g  -fPIC  -Wall -Wcast-align -Wchar-subscripts -Wformat -Winline -Wmissing-declarations -Wmissing-prototypes -Wnested-externs -Wpointer-arith conftest.c >&5
configure:13088: $? = 0
configure:13088: result: yes
configure:13088: checking stdio.h presence
configure:13088: gcc -E  -Wall -Wcast-align -Wchar-subscripts -Wformat -Winline -Wmissing-declarations -Wmissing-prototypes -Wnested-externs -Wpointer-arith conftest.c
configure:13088: $? = 0
configure:13088: result: yes
configure:13088: checking for stdio.h
configure:13088: result: yes
configure:13100: checking stdarg.h usability
configure:13100: gcc -c -g  -fPIC  -Wall -Wcast-align -Wchar-subscripts -Wformat -Winline -Wmissing-declarations -Wmissing-prototypes -Wnested-externs -Wpointer-arith conftest.c >&5
configure:13100: $? = 0
configure:13100: result: yes
configure:13100: checking stdarg.h presence
configure:13100: gcc -E  -Wall -Wcast-align -Wchar-subscripts -Wformat -Winline -Wmissing-declarations -Wmissing-prototypes -Wnested-externs -Wpointer-arith conftest.c
configure:13100: $? = 0
configure:13100: result: yes
configure:13100: checking for stdarg.h
configure:13100: result: yes
configure:13112: checking varargs.h usability
configure:13112: gcc -c -g  -fPIC  -Wall -Wcast-align -Wchar-subscripts -Wformat -Winline -Wmissing-declarations -Wmissing-prototypes -Wnested-externs -Wpointer-arith conftest.c >&5
In file included from conftest.c:71:0:
/usr/local/lib/gcc/x86_64-unknown-linux-gnu/4.8.2/include/varargs.h:4:2: error: #error "GCC no longer implements <varargs.h>."
 #error "GCC no longer implements <varargs.h>."
  ^
/usr/local/lib/gcc/x86_64-unknown-linux-gnu/4.8.2/include/varargs.h:5:2: error: #error "Revise your code to use <stdarg.h>."
 #error "Revise your code to use <stdarg.h>."
  ^
configure:13112: $? = 1
configure: failed program was:
| /* confdefs.h */
| #define PACKAGE_NAME ""
| #define PACKAGE_TARNAME ""
| #define PACKAGE_VERSION ""
| #define PACKAGE_STRING ""
| #define PACKAGE_BUGREPORT ""
| #define PACKAGE_URL ""
| #define PACKAGE "libosip2"
| #define VERSION "4.1.0"
| #define STDC_HEADERS 1
| #define HAVE_SYS_TYPES_H 1
| #define HAVE_SYS_STAT_H 1
| #define HAVE_STDLIB_H 1
| #define HAVE_STRING_H 1
| #define HAVE_MEMORY_H 1
| #define HAVE_STRINGS_H 1
| #define HAVE_INTTYPES_H 1
| #define HAVE_STDINT_H 1
| #define HAVE_UNISTD_H 1
| #define HAVE_DLFCN_H 1
| #define LT_OBJDIR ".libs/"
| #define HAVE_PTHREAD 1
| #define HAVE_SEMAPHORE_H 1
| #define HAVE_SYS_SEM_H 1
| #define HAVE_LRAND48 /**/
| #define STDC_HEADERS 1
| #define HAVE_STRING_H 1
| #define HAVE_STRINGS_H 1
| #define HAVE_STDLIB_H 1
| #define HAVE_UNISTD_H 1
| #define HAVE_SYS_TYPES_H 1
| #define HAVE_SYS_UNISTD_H 1
| #define HAVE_SYSLOG_H 1
| #define HAVE_CTYPE_H 1
| #define HAVE_STDIO_H 1
| #define HAVE_STDARG_H 1
| /* end confdefs.h.  */
| #include <stdio.h>
| #ifdef HAVE_SYS_TYPES_H
| # include <sys/types.h>
| #endif
| #ifdef HAVE_SYS_STAT_H
| # include <sys/stat.h>
| #endif
| #ifdef STDC_HEADERS
| # include <stdlib.h>
| # include <stddef.h>
| #else
| # ifdef HAVE_STDLIB_H
| #  include <stdlib.h>
| # endif
| #endif
| #ifdef HAVE_STRING_H
| # if !defined STDC_HEADERS && defined HAVE_MEMORY_H
| #  include <memory.h>
| # endif
| # include <string.h>
| #endif
| #ifdef HAVE_STRINGS_H
| # include <strings.h>
| #endif
| #ifdef HAVE_INTTYPES_H
| # include <inttypes.h>
| #endif
| #ifdef HAVE_STDINT_H
| # include <stdint.h>
| #endif
| #ifdef HAVE_UNISTD_H
| # include <unistd.h>
| #endif
| #include <varargs.h>
configure:13112: result: no
configure:13112: checking varargs.h presence
configure:13112: gcc -E  -Wall -Wcast-align -Wchar-subscripts -Wformat -Winline -Wmissing-declarations -Wmissing-prototypes -Wnested-externs -Wpointer-arith conftest.c
In file included from conftest.c:38:0:
/usr/local/lib/gcc/x86_64-unknown-linux-gnu/4.8.2/include/varargs.h:4:2: error: #error "GCC no longer implements <varargs.h>."
 #error "GCC no longer implements <varargs.h>."
  ^
/usr/local/lib/gcc/x86_64-unknown-linux-gnu/4.8.2/include/varargs.h:5:2: error: #error "Revise your code to use <stdarg.h>."
 #error "Revise your code to use <stdarg.h>."
  ^
configure:13112: $? = 1
configure: failed program was:
| /* confdefs.h */
| #define PACKAGE_NAME ""
| #define PACKAGE_TARNAME ""
| #define PACKAGE_VERSION ""
| #define PACKAGE_STRING ""
| #define PACKAGE_BUGREPORT ""
| #define PACKAGE_URL ""
| #define PACKAGE "libosip2"
| #define VERSION "4.1.0"
| #define STDC_HEADERS 1
| #define HAVE_SYS_TYPES_H 1
| #define HAVE_SYS_STAT_H 1
| #define HAVE_STDLIB_H 1
| #define HAVE_STRING_H 1
| #define HAVE_MEMORY_H 1
| #define HAVE_STRINGS_H 1
| #define HAVE_INTTYPES_H 1
| #define HAVE_STDINT_H 1
| #define HAVE_UNISTD_H 1
| #define HAVE_DLFCN_H 1
| #define LT_OBJDIR ".libs/"
| #define HAVE_PTHREAD 1
| #define HAVE_SEMAPHORE_H 1
| #define HAVE_SYS_SEM_H 1
| #define HAVE_LRAND48 /**/
| #define STDC_HEADERS 1
| #define HAVE_STRING_H 1
| #define HAVE_STRINGS_H 1
| #define HAVE_STDLIB_H 1
| #define HAVE_UNISTD_H 1
| #define HAVE_SYS_TYPES_H 1
| #define HAVE_SYS_UNISTD_H 1
| #define HAVE_SYSLOG_H 1
| #define HAVE_CTYPE_H 1
| #define HAVE_STDIO_H 1
| #define HAVE_STDARG_H 1
| /* end confdefs.h.  */
| #include <varargs.h>
configure:13112: result: no
configure:13112: checking for varargs.h
configure:13112: result: no
configure:13124: checking fcntl.h usability
configure:13124: gcc -c -g  -fPIC  -Wall -Wcast-align -Wchar-subscripts -Wformat -Winline -Wmissing-declarations -Wmissing-prototypes -Wnested-externs -Wpointer-arith conftest.c >&5
configure:13124: $? = 0
configure:13124: result: yes
configure:13124: checking fcntl.h presence
configure:13124: gcc -E  -Wall -Wcast-align -Wchar-subscripts -Wformat -Winline -Wmissing-declarations -Wmissing-prototypes -Wnested-externs -Wpointer-arith conftest.c
configure:13124: $? = 0
configure:13124: result: yes
configure:13124: checking for fcntl.h
configure:13124: result: yes
configure:13136: checking time.h usability
configure:13136: gcc -c -g  -fPIC  -Wall -Wcast-align -Wchar-subscripts -Wformat -Winline -Wmissing-declarations -Wmissing-prototypes -Wnested-externs -Wpointer-arith conftest.c >&5
configure:13136: $? = 0
configure:13136: result: yes
configure:13136: checking time.h presence
configure:13136: gcc -E  -Wall -Wcast-align -Wchar-subscripts -Wformat -Winline -Wmissing-declarations -Wmissing-prototypes -Wnested-externs -Wpointer-arith conftest.c
configure:13136: $? = 0
configure:13136: result: yes
configure:13136: checking for time.h
configure:13136: result: yes
configure:13148: checking sys/time.h usability
configure:13148: gcc -c -g  -fPIC  -Wall -Wcast-align -Wchar-subscripts -Wformat -Winline -Wmissing-declarations -Wmissing-prototypes -Wnested-externs -Wpointer-arith conftest.c >&5
configure:13148: $? = 0
configure:13148: result: yes
configure:13148: checking sys/time.h presence
configure:13148: gcc -E  -Wall -Wcast-align -Wchar-subscripts -Wformat -Winline -Wmissing-declarations -Wmissing-prototypes -Wnested-externs -Wpointer-arith conftest.c
configure:13148: $? = 0
configure:13148: result: yes
configure:13148: checking for sys/time.h
configure:13148: result: yes
configure:13160: checking sys/select.h usability
configure:13160: gcc -c -g  -fPIC  -Wall -Wcast-align -Wchar-subscripts -Wformat -Winline -Wmissing-declarations -Wmissing-prototypes -Wnested-externs -Wpointer-arith conftest.c >&5
configure:13160: $? = 0
configure:13160: result: yes
configure:13160: checking sys/select.h presence
configure:13160: gcc -E  -Wall -Wcast-align -Wchar-subscripts -Wformat -Winline -Wmissing-declarations -Wmissing-prototypes -Wnested-externs -Wpointer-arith conftest.c
configure:13160: $? = 0
configure:13160: result: yes
configure:13160: checking for sys/select.h
configure:13160: result: yes
configure:13172: checking assert.h usability
configure:13172: gcc -c -g  -fPIC  -Wall -Wcast-align -Wchar-subscripts -Wformat -Winline -Wmissing-declarations -Wmissing-prototypes -Wnested-externs -Wpointer-arith conftest.c >&5
configure:13172: $? = 0
configure:13172: result: yes
configure:13172: checking assert.h presence
configure:13172: gcc -E  -Wall -Wcast-align -Wchar-subscripts -Wformat -Winline -Wmissing-declarations -Wmissing-prototypes -Wnested-externs -Wpointer-arith conftest.c
configure:13172: $? = 0
configure:13172: result: yes
configure:13172: checking for assert.h
configure:13172: result: yes
configure:13184: checking signal.h usability
configure:13184: gcc -c -g  -fPIC  -Wall -Wcast-align -Wchar-subscripts -Wformat -Winline -Wmissing-declarations -Wmissing-prototypes -Wnested-externs -Wpointer-arith conftest.c >&5
configure:13184: $? = 0
configure:13184: result: yes
configure:13184: checking signal.h presence
configure:13184: gcc -E  -Wall -Wcast-align -Wchar-subscripts -Wformat -Winline -Wmissing-declarations -Wmissing-prototypes -Wnested-externs -Wpointer-arith conftest.c
configure:13184: $? = 0
configure:13184: result: yes
configure:13184: checking for signal.h
configure:13184: result: yes
configure:13196: checking sys/signal.h usability
configure:13196: gcc -c -g  -fPIC  -Wall -Wcast-align -Wchar-subscripts -Wformat -Winline -Wmissing-declarations -Wmissing-prototypes -Wnested-externs -Wpointer-arith conftest.c >&5
configure:13196: $? = 0
configure:13196: result: yes
configure:13196: checking sys/signal.h presence
configure:13196: gcc -E  -Wall -Wcast-align -Wchar-subscripts -Wformat -Winline -Wmissing-declarations -Wmissing-prototypes -Wnested-externs -Wpointer-arith conftest.c
configure:13196: $? = 0
configure:13196: result: yes
configure:13196: checking for sys/signal.h
configure:13196: result: yes
configure:13208: checking malloc.h usability
configure:13208: gcc -c -g  -fPIC  -Wall -Wcast-align -Wchar-subscripts -Wformat -Winline -Wmissing-declarations -Wmissing-prototypes -Wnested-externs -Wpointer-arith conftest.c >&5
configure:13208: $? = 0
configure:13208: result: yes
configure:13208: checking malloc.h presence
configure:13208: gcc -E  -Wall -Wcast-align -Wchar-subscripts -Wformat -Winline -Wmissing-declarations -Wmissing-prototypes -Wnested-externs -Wpointer-arith conftest.c
configure:13208: $? = 0
configure:13208: result: yes
configure:13208: checking for malloc.h
configure:13208: result: yes
configure:13219: checking for struct timeval
configure:13219: gcc -c -g  -fPIC  -Wall -Wcast-align -Wchar-subscripts -Wformat -Winline -Wmissing-declarations -Wmissing-prototypes -Wnested-externs -Wpointer-arith conftest.c >&5
configure:13219: $? = 0
configure:13219: gcc -c -g  -fPIC  -Wall -Wcast-align -Wchar-subscripts -Wformat -Winline -Wmissing-declarations -Wmissing-prototypes -Wnested-externs -Wpointer-arith conftest.c >&5
conftest.c: In function 'main':
conftest.c:62:29: error: expected expression before ')' token
 if (sizeof ((struct timeval)))
                             ^
configure:13219: $? = 1
configure: failed program was:
| /* confdefs.h */
| #define PACKAGE_NAME ""
| #define PACKAGE_TARNAME ""
| #define PACKAGE_VERSION ""
| #define PACKAGE_STRING ""
| #define PACKAGE_BUGREPORT ""
| #define PACKAGE_URL ""
| #define PACKAGE "libosip2"
| #define VERSION "4.1.0"
| #define STDC_HEADERS 1
| #define HAVE_SYS_TYPES_H 1
| #define HAVE_SYS_STAT_H 1
| #define HAVE_STDLIB_H 1
| #define HAVE_STRING_H 1
| #define HAVE_MEMORY_H 1
| #define HAVE_STRINGS_H 1
| #define HAVE_INTTYPES_H 1
| #define HAVE_STDINT_H 1
| #define HAVE_UNISTD_H 1
| #define HAVE_DLFCN_H 1
| #define LT_OBJDIR ".libs/"
| #define HAVE_PTHREAD 1
| #define HAVE_SEMAPHORE_H 1
| #define HAVE_SYS_SEM_H 1
| #define HAVE_LRAND48 /**/
| #define STDC_HEADERS 1
| #define HAVE_STRING_H 1
| #define HAVE_STRINGS_H 1
| #define HAVE_STDLIB_H 1
| #define HAVE_UNISTD_H 1
| #define HAVE_SYS_TYPES_H 1
| #define HAVE_SYS_UNISTD_H 1
| #define HAVE_SYSLOG_H 1
| #define HAVE_CTYPE_H 1
| #define HAVE_STDIO_H 1
| #define HAVE_STDARG_H 1
| #define HAVE_FCNTL_H 1
| #define HAVE_TIME_H 1
| #define HAVE_SYS_TIME_H 1
| #define HAVE_SYS_SELECT_H 1
| #define HAVE_ASSERT_H 1
| #define HAVE_SIGNAL_H 1
| #define HAVE_SYS_SIGNAL_H 1
| #define HAVE_MALLOC_H 1
| /* end confdefs.h.  */
| 
|      #if TIME_WITH_SYS_TIME
|      # include <sys/time.h>
|      # include <time.h>
|      #else
|      # if HAVE_SYS_TIME_H
|      #  include <sys/time.h>
|      # else
|      #  include <time.h>
|      # endif
|      #endif
| 
| 
| int
| main ()
| {
| if (sizeof ((struct timeval)))
| 	    return 0;
|   ;
|   return 0;
| }
configure:13219: result: yes
configure:13390: creating ./config.status

## ---------------------- ##
## Running config.status. ##
## ---------------------- ##

This file was extended by config.status, which was
generated by GNU Autoconf 2.69.  Invocation command line was

  CONFIG_FILES    = 
  CONFIG_HEADERS  = 
  CONFIG_LINKS    = 
  CONFIG_COMMANDS = 
  $ ./config.status 

on wuhcitculx01008

config.status:1140: creating libosip2.pc
config.status:1140: creating Makefile
config.status:1140: creating scripts/Makefile
config.status:1140: creating src/Makefile
config.status:1140: creating src/osipparser2/Makefile
config.status:1140: creating src/osip2/Makefile
config.status:1140: creating src/test/Makefile
config.status:1140: creating src/test/res/Makefile
config.status:1140: creating include/Makefile
config.status:1140: creating include/osip2/Makefile
config.status:1140: creating include/osipparser2/Makefile
config.status:1140: creating include/osipparser2/headers/Makefile
config.status:1140: creating help/Makefile
config.status:1140: creating help/man/Makefile
config.status:1140: creating help/doxygen/Makefile
config.status:1140: creating platform/Makefile
config.status:1140: creating platform/rpm/Makefile
config.status:1140: creating platform/vsnet/Makefile
config.status:1140: creating include/osip2/doxygen.dox
config.status:1140: creating osip-config.h
config.status:1321: osip-config.h is unchanged
config.status:1369: executing depfiles commands
config.status:1369: executing libtool commands

## ---------------- ##
## Cache variables. ##
## ---------------- ##

Wall_cv_flag=yes
Wcast_align_cv_flag=yes
Wchar_subscripts_cv_flag=yes
Wformat_cv_flag=yes
Winline_cv_flag=yes
Wmissing_declarations_cv_flag=yes
Wmissing_prototypes_cv_flag=yes
Wnested_externs_cv_flag=yes
Wpointer_arith_cv_flag=yes
ac_cv_build=x86_64-unknown-linux-gnu
ac_cv_c_compiler_gnu=yes
ac_cv_env_CC_set=
ac_cv_env_CC_value=
ac_cv_env_CFLAGS_set=
ac_cv_env_CFLAGS_value=
ac_cv_env_CPPFLAGS_set=
ac_cv_env_CPPFLAGS_value=
ac_cv_env_CPP_set=
ac_cv_env_CPP_value=
ac_cv_env_LDFLAGS_set=
ac_cv_env_LDFLAGS_value=
ac_cv_env_LIBS_set=
ac_cv_env_LIBS_value=
ac_cv_env_build_alias_set=
ac_cv_env_build_alias_value=
ac_cv_env_host_alias_set=
ac_cv_env_host_alias_value=
ac_cv_env_target_alias_set=
ac_cv_env_target_alias_value=
ac_cv_header_assert_h=yes
ac_cv_header_ctype_h=yes
ac_cv_header_dlfcn_h=yes
ac_cv_header_fcntl_h=yes
ac_cv_header_inttypes_h=yes
ac_cv_header_malloc_h=yes
ac_cv_header_memory_h=yes
ac_cv_header_semaphore_h=yes
ac_cv_header_signal_h=yes
ac_cv_header_stdarg_h=yes
ac_cv_header_stdc=yes
ac_cv_header_stdint_h=yes
ac_cv_header_stdio_h=yes
ac_cv_header_stdlib_h=yes
ac_cv_header_string_h=yes
ac_cv_header_strings_h=yes
ac_cv_header_sys_select_h=yes
ac_cv_header_sys_sem_h=yes
ac_cv_header_sys_signal_h=yes
ac_cv_header_sys_stat_h=yes
ac_cv_header_sys_time_h=yes
ac_cv_header_sys_types_h=yes
ac_cv_header_sys_unistd_h=yes
ac_cv_header_syslog_h=yes
ac_cv_header_time_h=yes
ac_cv_header_unistd_h=yes
ac_cv_header_varargs_h=no
ac_cv_host=x86_64-unknown-linux-gnu
ac_cv_lib_c_lrand48=yes
ac_cv_lib_nsl_nis_add=yes
ac_cv_lib_posix4_sem_open=no
ac_cv_lib_rt_clock_gettime=yes
ac_cv_lib_socket_sendto=no
ac_cv_objext=o
ac_cv_path_EGREP='/bin/grep -E'
ac_cv_path_FGREP='/bin/grep -F'
ac_cv_path_GREP=/bin/grep
ac_cv_path_SED=/bin/sed
ac_cv_path_install='/usr/bin/install -c'
ac_cv_path_mkdir=/bin/mkdir
ac_cv_prog_AWK=gawk
ac_cv_prog_CPP='gcc -E'
ac_cv_prog_PTHREAD_CC=gcc
ac_cv_prog_ac_ct_AR=ar
ac_cv_prog_ac_ct_CC=gcc
ac_cv_prog_ac_ct_DLLTOOL=dlltool
ac_cv_prog_ac_ct_MANIFEST_TOOL=mt
ac_cv_prog_ac_ct_OBJDUMP=objdump
ac_cv_prog_ac_ct_RANLIB=ranlib
ac_cv_prog_ac_ct_STRIP=strip
ac_cv_prog_cc_c89=
ac_cv_prog_cc_g=yes
ac_cv_prog_make_make_set=yes
ac_cv_type_struct_timeval=yes
am_cv_CC_dependencies_compiler_type=gcc3
lt_cv_ar_at_file=@
lt_cv_archive_cmds_need_lc=no
lt_cv_deplibs_check_method=pass_all
lt_cv_file_magic_cmd='$MAGIC_CMD'
lt_cv_file_magic_test_file=
lt_cv_ld_reload_flag=-r
lt_cv_nm_interface='BSD nm'
lt_cv_objdir=.libs
lt_cv_path_LD=/usr/bin/ld
lt_cv_path_NM='/usr/bin/nm -B'
lt_cv_path_mainfest_tool=no
lt_cv_prog_compiler_c_o=yes
lt_cv_prog_compiler_pic='-fPIC -DPIC'
lt_cv_prog_compiler_pic_works=yes
lt_cv_prog_compiler_rtti_exceptions=no
lt_cv_prog_compiler_static_works=yes
lt_cv_prog_gnu_ld=yes
lt_cv_sharedlib_from_linklib_cmd='printf %s\n'
lt_cv_shlibpath_overrides_runpath=no
lt_cv_sys_global_symbol_pipe='sed -n -e '\''s/^.*[	 ]\([ABCDGIRSTW][ABCDGIRSTW]*\)[	 ][	 ]*\([_A-Za-z][_A-Za-z0-9]*\)$/\1 \2 \2/p'\'' | sed '\''/ __gnu_lto/d'\'''
lt_cv_sys_global_symbol_to_c_name_address='sed -n -e '\''s/^: \([^ ]*\)[ ]*$/  {\"\1\", (void *) 0},/p'\'' -e '\''s/^[ABCDGIRSTW]* \([^ ]*\) \([^ ]*\)$/  {"\2", (void *) \&\2},/p'\'''
lt_cv_sys_global_symbol_to_c_name_address_lib_prefix='sed -n -e '\''s/^: \([^ ]*\)[ ]*$/  {\"\1\", (void *) 0},/p'\'' -e '\''s/^[ABCDGIRSTW]* \([^ ]*\) \(lib[^ ]*\)$/  {"\2", (void *) \&\2},/p'\'' -e '\''s/^[ABCDGIRSTW]* \([^ ]*\) \([^ ]*\)$/  {"lib\2", (void *) \&\2},/p'\'''
lt_cv_sys_global_symbol_to_cdecl='sed -n -e '\''s/^T .* \(.*\)$/extern int \1();/p'\'' -e '\''s/^[ABCDGIRSTW]* .* \(.*\)$/extern char \1;/p'\'''
lt_cv_sys_max_cmd_len=1572864
lt_cv_to_host_file_cmd=func_convert_file_noop
lt_cv_to_tool_file_cmd=func_convert_file_noop

## ----------------- ##
## Output variables. ##
## ----------------- ##

ACLOCAL='${SHELL} /usr1/home/z65940/demo/gpl/release-gpl/build/libosip2/libosip2-4.1.0/scripts/missing --run aclocal-1.11 -I scripts'
AMDEPBACKSLASH='\'
AMDEP_FALSE='#'
AMDEP_TRUE=''
AMTAR='$${TAR-tar}'
AR='ar'
AS='as'
AUTOCONF='${SHELL} /usr1/home/z65940/demo/gpl/release-gpl/build/libosip2/libosip2-4.1.0/scripts/missing --run autoconf'
AUTOHEADER='${SHELL} /usr1/home/z65940/demo/gpl/release-gpl/build/libosip2/libosip2-4.1.0/scripts/missing --run autoheader'
AUTOMAKE='${SHELL} /usr1/home/z65940/demo/gpl/release-gpl/build/libosip2/libosip2-4.1.0/scripts/missing --run automake-1.11'
AWK='gawk'
BUILD_MAXSIZE_FALSE='#'
BUILD_MAXSIZE_TRUE=''
BUILD_MT_FALSE='#'
BUILD_MT_TRUE=''
CC='gcc'
CCDEPMODE='depmode=gcc3'
CFLAGS='-g  -fPIC'
COMPILE_TESTS_FALSE=''
COMPILE_TESTS_TRUE='#'
CPP='gcc -E'
CPPFLAGS=' -Wall -Wcast-align -Wchar-subscripts -Wformat -Winline -Wmissing-declarations -Wmissing-prototypes -Wnested-externs -Wpointer-arith'
CYGPATH_W='echo'
DEFS='-DHAVE_CONFIG_H'
DEPDIR='.deps'
DLLTOOL='dlltool'
DSYMUTIL=''
DUMPBIN=''
ECHO_C=''
ECHO_N='-n'
ECHO_T=''
EGREP='/bin/grep -E'
EXEEXT=''
EXTRA_LIB=''
FGREP='/bin/grep -F'
FSM_LIB=' -lnsl -lrt'
GREP='/bin/grep'
INSIDE_GNOME_COMMON_FALSE=''
INSIDE_GNOME_COMMON_TRUE='#'
INSTALL_DATA='${INSTALL} -m 644'
INSTALL_PROGRAM='${INSTALL}'
INSTALL_SCRIPT='${INSTALL}'
INSTALL_STRIP_PROGRAM='$(install_sh) -c -s'
LD='/usr/bin/ld -m elf_x86_64'
LDFLAGS=''
LIBOBJS=''
LIBOSIP_SO_VERSION='11:0:0'
LIBS=''
LIBTOOL='$(SHELL) $(top_builddir)/libtool'
LIPO=''
LN_S='ln -s'
LTLIBOBJS=''
MAKEINFO='${SHELL} /usr1/home/z65940/demo/gpl/release-gpl/build/libosip2/libosip2-4.1.0/scripts/missing --run makeinfo'
MANIFEST_TOOL=':'
MKDIR_P='/bin/mkdir -p'
NM='/usr/bin/nm -B'
NMEDIT=''
OBJDUMP='objdump'
OBJEXT='o'
OSIP_VERSION='4.1.0'
OTOOL64=''
OTOOL=''
PACKAGE='libosip2'
PACKAGE_BUGREPORT=''
PACKAGE_NAME=''
PACKAGE_STRING=''
PACKAGE_TARNAME=''
PACKAGE_URL=''
PACKAGE_VERSION=''
PARSER_LIB=''
PATH_SEPARATOR=':'
PTHREAD_CC='gcc'
PTHREAD_CFLAGS='-pthread'
PTHREAD_LIBS=''
RANLIB='ranlib'
SED='/bin/sed'
SET_MAKE=''
SHELL='/bin/sh'
SIP_CFLAGS=' -g  -fPIC'
SIP_EXTRA_FLAGS=' -pedantic -g -DENABLE_TRACE'
SIP_FSM_FLAGS=''
SIP_PARSER_FLAGS=''
STRIP='strip'
VERSION='4.1.0'
ac_ct_AR='ar'
ac_ct_CC='gcc'
ac_ct_DUMPBIN=''
am__EXEEXT_FALSE=''
am__EXEEXT_TRUE='#'
am__fastdepCC_FALSE='#'
am__fastdepCC_TRUE=''
am__include='include'
am__isrc=''
am__leading_dot='.'
am__nodep='_no'
am__quote=''
am__tar='$${TAR-tar} chof - "$$tardir"'
am__untar='$${TAR-tar} xf -'
bindir='${exec_prefix}/bin'
build='x86_64-unknown-linux-gnu'
build_alias=''
build_cpu='x86_64'
build_os='linux-gnu'
build_vendor='unknown'
datadir='${datarootdir}'
datarootdir='${prefix}/share'
docdir='${datarootdir}/doc/${PACKAGE}'
dvidir='${docdir}'
exec_prefix='${prefix}'
host='x86_64-unknown-linux-gnu'
host_alias=''
host_cpu='x86_64'
host_os='linux-gnu'
host_vendor='unknown'
htmldir='${docdir}'
includedir='${prefix}/include'
infodir='${datarootdir}/info'
install_sh='${SHELL} /usr1/home/z65940/demo/gpl/release-gpl/build/libosip2/libosip2-4.1.0/scripts/install-sh'
libdir='${exec_prefix}/lib'
libexecdir='${exec_prefix}/libexec'
localedir='${datarootdir}/locale'
localstatedir='${prefix}/var'
mandir='${datarootdir}/man'
mkdir_p='/bin/mkdir -p'
oldincludedir='/usr/include'
pdfdir='${docdir}'
prefix='/usr1/home/z65940/demo/gpl/release-gpl/build/libosip2/install'
program_transform_name='s,x,x,'
psdir='${docdir}'
sbindir='${exec_prefix}/sbin'
sharedstatedir='${prefix}/com'
sysconfdir='${prefix}/etc'
target_alias=''

## ----------- ##
## confdefs.h. ##
## ----------- ##

/* confdefs.h */
#define PACKAGE_NAME ""
#define PACKAGE_TARNAME ""
#define PACKAGE_VERSION ""
#define PACKAGE_STRING ""
#define PACKAGE_BUGREPORT ""
#define PACKAGE_URL ""
#define PACKAGE "libosip2"
#define VERSION "4.1.0"
#define STDC_HEADERS 1
#define HAVE_SYS_TYPES_H 1
#define HAVE_SYS_STAT_H 1
#define HAVE_STDLIB_H 1
#define HAVE_STRING_H 1
#define HAVE_MEMORY_H 1
#define HAVE_STRINGS_H 1
#define HAVE_INTTYPES_H 1
#define HAVE_STDINT_H 1
#define HAVE_UNISTD_H 1
#define HAVE_DLFCN_H 1
#define LT_OBJDIR ".libs/"
#define HAVE_PTHREAD 1
#define HAVE_SEMAPHORE_H 1
#define HAVE_SYS_SEM_H 1
#define HAVE_LRAND48 /**/
#define STDC_HEADERS 1
#define HAVE_STRING_H 1
#define HAVE_STRINGS_H 1
#define HAVE_STDLIB_H 1
#define HAVE_UNISTD_H 1
#define HAVE_SYS_TYPES_H 1
#define HAVE_SYS_UNISTD_H 1
#define HAVE_SYSLOG_H 1
#define HAVE_CTYPE_H 1
#define HAVE_STDIO_H 1
#define HAVE_STDARG_H 1
#define HAVE_FCNTL_H 1
#define HAVE_TIME_H 1
#define HAVE_SYS_TIME_H 1
#define HAVE_SYS_SELECT_H 1
#define HAVE_ASSERT_H 1
#define HAVE_SIGNAL_H 1
#define HAVE_SYS_SIGNAL_H 1
#define HAVE_MALLOC_H 1
#define HAVE_STRUCT_TIMEVAL 1

configure: exit 0
